<?xml version="1.0" encoding="UTF-8"?>
<!-- Generated by org.testng.reporters.JUnitXMLReporter -->
<testsuite ignored="0" hostname="W-PF3NZE1V" failures="0" tests="3" name="Default test" time="169.969" errors="0" timestamp="2023-06-21T09:26:43 IST">
  <testcase classname="playwrightdemo.testcases.AdminPageTest" name="addUserTest" time="18.084"/>
  <testcase classname="playwrightdemo.testcases.AdminPageTest" name="searchUserTest" time="13.526"/>
  <testcase classname="playwrightdemo.testcases.AdminPageTest" name="deleteUserTest" time="9.667"/>
</testsuite> <!-- Default test -->
